[INFO] [2023-08-25 19:19:15] 成功创建socket
[INFO] [2023-08-25 19:19:15] 成功识别IP
[INFO] [2023-08-25 19:19:15] 成功链接地址
[INFO] [2023-08-25 19:19:19] 向服务器发送信息成功
[INFO] [2023-08-25 19:19:19] 向服务器接收信息成功
[INFO] [2023-08-25 19:19:17] 成功创建socket
[INFO] [2023-08-25 19:19:17] 成功识别IP
[INFO] [2023-08-25 19:19:17] 成功链接地址
[INFO] [2023-08-25 19:24:08] 向服务器发送信息成功
[ERROR] [2023-08-25 19:24:08] 服务器关闭了链接
[INFO] [2023-08-25 19:24:00] 成功创建socket
[INFO] [2023-08-25 19:24:00] 成功识别IP
[INFO] [2023-08-25 19:24:00] 成功链接地址
[INFO] [2023-08-25 19:24:19] 向服务器发送信息成功
[INFO] [2023-08-25 19:24:19] 向服务器接收信息成功
[INFO] [2023-08-25 19:24:11] 成功创建socket
[INFO] [2023-08-25 19:24:11] 成功识别IP
[INFO] [2023-08-25 19:24:11] 成功链接地址
[INFO] [2023-08-25 19:30:17] 向服务器发送信息成功
[ERROR] [2023-08-25 19:30:17] 服务器关闭了链接
[INFO] [2023-08-25 19:42:36] 成功创建socket
[INFO] [2023-08-25 19:42:36] 成功识别IP
[INFO] [2023-08-25 19:42:36] 成功链接地址
[INFO] [2023-08-25 19:42:43] 向服务器发送信息成功
[INFO] [2023-08-25 19:42:43] 向服务器接收信息成功
[INFO] [2023-08-25 19:42:59] 成功创建socket
[INFO] [2023-08-25 19:42:59] 成功识别IP
[INFO] [2023-08-25 19:42:59] 成功链接地址
[INFO] [2023-08-25 19:43:05] 向服务器发送信息成功
[INFO] [2023-08-25 19:43:05] 向服务器接收信息成功
[INFO] [2023-08-25 19:43:03] 成功创建socket
[INFO] [2023-08-25 19:43:03] 成功识别IP
[INFO] [2023-08-25 19:43:03] 成功链接地址
[INFO] [2023-08-25 19:43:16] 向服务器发送信息成功
[INFO] [2023-08-25 19:43:16] 向服务器接收信息成功
[INFO] [2023-08-25 19:43:28] 成功创建socket
[INFO] [2023-08-25 19:43:28] 成功识别IP
[INFO] [2023-08-25 19:43:28] 成功链接地址
[INFO] [2023-08-25 19:43:30] 向服务器发送信息成功
[INFO] [2023-08-25 19:43:30] 向服务器接收信息成功
[INFO] [2023-08-25 19:47:58] 成功创建socket
[INFO] [2023-08-25 19:47:58] 成功识别IP
[INFO] [2023-08-25 19:47:58] 成功链接地址
[INFO] [2023-08-25 19:48:15] 向服务器发送信息成功
[INFO] [2023-08-25 19:48:15] 向服务器接收信息成功
[INFO] [2023-08-25 19:48:22] 向服务器发送信息成功
[INFO] [2023-08-25 19:48:22] 向服务器接收信息成功
[INFO] [2023-08-25 19:48:25] 向服务器发送信息成功
[INFO] [2023-08-25 19:48:25] 向服务器接收信息成功
[INFO] [2023-08-25 19:48:28] 向服务器发送信息成功
[INFO] [2023-08-25 19:48:28] 向服务器接收信息成功
[INFO] [2023-08-25 19:47:56] 成功创建socket
[INFO] [2023-08-25 19:47:56] 成功识别IP
[INFO] [2023-08-25 19:47:56] 成功链接地址
[INFO] [2023-08-25 19:48:04] 向服务器发送信息成功
[INFO] [2023-08-25 19:48:04] 向服务器接收信息成功
[INFO] [2023-08-25 19:48:20] 向服务器发送信息成功
[INFO] [2023-08-25 19:48:20] 向服务器接收信息成功
[INFO] [2023-08-25 19:48:31] 向服务器发送信息成功
[INFO] [2023-08-25 19:48:31] 向服务器接收信息成功
[INFO] [2023-08-25 19:48:32] 向服务器发送信息成功
[INFO] [2023-08-25 19:48:32] 向服务器接收信息成功
[INFO] [2023-08-25 19:52:25] 成功创建socket
[INFO] [2023-08-25 19:52:25] 成功识别IP
[INFO] [2023-08-25 19:52:25] 成功链接地址
[INFO] [2023-08-25 19:52:42] 向服务器发送信息成功
[INFO] [2023-08-25 19:52:42] 向服务器接收信息成功
[INFO] [2023-08-25 19:57:56] 成功创建socket
[INFO] [2023-08-25 19:57:56] 成功识别IP
[INFO] [2023-08-25 19:57:56] 成功链接地址
[INFO] [2023-08-25 19:57:58] 向服务器发送信息成功
[INFO] [2023-08-25 19:57:58] 向服务器接收信息成功
[INFO] [2023-08-25 19:58:08] 成功创建socket
[INFO] [2023-08-25 19:58:08] 成功识别IP
[INFO] [2023-08-25 19:58:08] 成功链接地址
[INFO] [2023-08-25 19:58:13] 向服务器发送信息成功
[INFO] [2023-08-25 19:58:13] 向服务器接收信息成功
[INFO] [2023-08-25 20:00:23] 成功创建socket
[INFO] [2023-08-25 20:00:23] 成功识别IP
[INFO] [2023-08-25 20:00:23] 成功链接地址
[INFO] [2023-08-25 20:00:37] 向服务器发送信息成功
[INFO] [2023-08-25 20:00:37] 向服务器接收信息成功
[INFO] [2023-08-25 20:23:34] 成功创建socket
[INFO] [2023-08-25 20:23:34] 成功识别IP
[INFO] [2023-08-25 20:23:34] 成功链接地址
[INFO] [2023-08-25 20:23:44] 向服务器发送信息成功
[INFO] [2023-08-25 20:23:44] 向服务器接收信息成功
[INFO] [2023-08-25 20:23:39] 成功创建socket
[INFO] [2023-08-25 20:23:39] 成功识别IP
[INFO] [2023-08-25 20:23:39] 成功链接地址
[INFO] [2023-08-25 20:23:52] 向服务器发送信息成功
[INFO] [2023-08-25 20:23:52] 向服务器接收信息成功
[INFO] [2023-08-25 20:27:08] 成功创建socket
[INFO] [2023-08-25 20:27:08] 成功识别IP
[INFO] [2023-08-25 20:27:08] 成功链接地址
[INFO] [2023-08-25 20:27:17] 向服务器发送信息成功
[INFO] [2023-08-25 20:27:17] 向服务器接收信息成功
[INFO] [2023-08-25 20:28:46] 成功创建socket
[INFO] [2023-08-25 20:28:46] 成功识别IP
[INFO] [2023-08-25 20:28:46] 成功链接地址
[INFO] [2023-08-25 20:28:56] 向服务器发送信息成功
[INFO] [2023-08-25 20:28:56] 向服务器接收信息成功
[INFO] [2023-08-25 20:29:41] 成功创建socket
[INFO] [2023-08-25 20:29:41] 成功识别IP
[INFO] [2023-08-25 20:29:41] 成功链接地址
[INFO] [2023-08-25 20:29:46] 向服务器发送信息成功
[INFO] [2023-08-25 20:29:46] 向服务器接收信息成功
[INFO] [2023-08-25 20:30:40] 成功创建socket
[INFO] [2023-08-25 20:30:40] 成功识别IP
[INFO] [2023-08-25 20:30:40] 成功链接地址
[INFO] [2023-08-25 20:30:51] 向服务器发送信息成功
[INFO] [2023-08-25 20:30:51] 向服务器接收信息成功
[INFO] [2023-08-25 20:36:07] 成功创建socket
[INFO] [2023-08-25 20:36:07] 成功识别IP
[INFO] [2023-08-25 20:36:07] 成功链接地址
[INFO] [2023-08-25 20:36:14] 向服务器发送信息成功
[INFO] [2023-08-25 20:36:14] 向服务器接收信息成功
[INFO] [2023-08-25 20:36:10] 成功创建socket
[INFO] [2023-08-25 20:36:10] 成功识别IP
[INFO] [2023-08-25 20:36:10] 成功链接地址
[INFO] [2023-08-25 20:36:23] 向服务器发送信息成功
[INFO] [2023-08-25 20:36:23] 向服务器接收信息成功
[INFO] [2023-08-25 20:37:09] 成功创建socket
[INFO] [2023-08-25 20:37:09] 成功识别IP
[INFO] [2023-08-25 20:37:09] 成功链接地址
[INFO] [2023-08-25 20:37:16] 向服务器发送信息成功
[INFO] [2023-08-25 20:37:16] 向服务器接收信息成功
[INFO] [2023-08-25 20:37:13] 成功创建socket
[INFO] [2023-08-25 20:37:13] 成功识别IP
[INFO] [2023-08-25 20:37:13] 成功链接地址
[INFO] [2023-08-25 21:04:55] 向服务器发送信息成功
[ERROR] [2023-08-25 21:04:55] 服务器关闭了链接
[INFO] [2023-08-25 21:15:58] 成功创建socket
[INFO] [2023-08-25 21:15:58] 成功识别IP
[INFO] [2023-08-25 21:15:58] 成功链接地址
[INFO] [2023-08-25 21:16:00] 向服务器发送信息成功
[INFO] [2023-08-25 21:16:00] 向服务器接收信息成功
[INFO] [2023-08-25 21:16:02] 成功创建socket
[INFO] [2023-08-25 21:16:02] 成功识别IP
[INFO] [2023-08-25 21:16:02] 成功链接地址
[INFO] [2023-08-25 21:16:06] 向服务器发送信息成功
[INFO] [2023-08-25 21:16:06] 向服务器接收信息成功
[INFO] [2023-08-25 21:16:04] 成功创建socket
[INFO] [2023-08-25 21:16:04] 成功识别IP
[INFO] [2023-08-25 21:16:04] 成功链接地址
[INFO] [2023-08-25 21:16:20] 向服务器发送信息成功
[INFO] [2023-08-25 21:16:20] 向服务器接收信息成功
[INFO] [2023-08-25 21:17:28] 成功创建socket
[INFO] [2023-08-25 21:17:28] 成功识别IP
[INFO] [2023-08-25 21:17:28] 成功链接地址
[INFO] [2023-08-25 21:17:37] 向服务器发送信息成功
[INFO] [2023-08-25 21:17:37] 向服务器接收信息成功
[INFO] [2023-08-25 21:17:32] 成功创建socket
[INFO] [2023-08-25 21:17:32] 成功识别IP
[INFO] [2023-08-25 21:17:32] 成功链接地址
[INFO] [2023-08-25 21:17:39] 向服务器发送信息成功
[INFO] [2023-08-25 21:17:39] 向服务器接收信息成功
[INFO] [2023-08-25 21:17:34] 成功创建socket
[INFO] [2023-08-25 21:17:34] 成功识别IP
[INFO] [2023-08-25 21:17:34] 成功链接地址
[INFO] [2023-08-25 21:17:41] 向服务器发送信息成功
[INFO] [2023-08-25 21:17:41] 向服务器接收信息成功
